Tue Sep 23 12:11:21 IST 2014  [debug] AvalonLogSystem initialized using logfile 'velocity.log'
Tue Sep 23 12:11:21 IST 2014   [info] ************************************************************** 
Tue Sep 23 12:11:21 IST 2014   [info] Starting Jakarta Velocity v1.4
Tue Sep 23 12:11:21 IST 2014   [info] RuntimeInstance initializing.
Tue Sep 23 12:11:21 IST 2014   [info] Default Properties File: org\apache\velocity\runtime\defaults\velocity.properties
Tue Sep 23 12:11:21 IST 2014   [info] Trying to use logger class org.apache.velocity.runtime.log.AvalonLogSystem
Tue Sep 23 12:11:21 IST 2014   [info] Using logger class org.apache.velocity.runtime.log.AvalonLogSystem
Tue Sep 23 12:11:21 IST 2014   [info] Default ResourceManager initializing. (class org.apache.velocity.runtime.resource.ResourceManagerImpl)
Tue Sep 23 12:11:21 IST 2014   [info] Resource Loader Instantiated: org.apache.velocity.runtime.resource.loader.ClasspathResourceLoader
Tue Sep 23 12:11:21 IST 2014   [info] ClasspathResourceLoader : initialization starting.
Tue Sep 23 12:11:21 IST 2014   [info] ClasspathResourceLoader : initialization complete.
Tue Sep 23 12:11:21 IST 2014   [info] ResourceCache : initialized. (class org.apache.velocity.runtime.resource.ResourceCacheImpl)
Tue Sep 23 12:11:21 IST 2014   [info] Default ResourceManager initialization complete.
Tue Sep 23 12:11:21 IST 2014   [info] Loaded System Directive: org.apache.velocity.runtime.directive.Literal
Tue Sep 23 12:11:21 IST 2014   [info] Loaded System Directive: org.apache.velocity.runtime.directive.Macro
Tue Sep 23 12:11:21 IST 2014   [info] Loaded System Directive: org.apache.velocity.runtime.directive.Parse
Tue Sep 23 12:11:21 IST 2014   [info] Loaded System Directive: org.apache.velocity.runtime.directive.Include
Tue Sep 23 12:11:21 IST 2014   [info] Loaded System Directive: org.apache.velocity.runtime.directive.Foreach
Tue Sep 23 12:11:21 IST 2014   [info] Created: 20 parsers.
Tue Sep 23 12:11:21 IST 2014   [info] Velocimacro : initialization starting.
Tue Sep 23 12:11:21 IST 2014   [info] Velocimacro : adding VMs from VM library template : VM_global_library.vm
Tue Sep 23 12:11:21 IST 2014  [error] ResourceManager : unable to find resource 'VM_global_library.vm' in any resource loader.
Tue Sep 23 12:11:21 IST 2014   [info] Velocimacro : error using  VM library template VM_global_library.vm : org.apache.velocity.exception.ResourceNotFoundException: Unable to find resource 'VM_global_library.vm'
Tue Sep 23 12:11:21 IST 2014   [info] Velocimacro :  VM library template macro registration complete.
Tue Sep 23 12:11:21 IST 2014   [info] Velocimacro : allowInline = true : VMs can be defined inline in templates
Tue Sep 23 12:11:21 IST 2014   [info] Velocimacro : allowInlineToOverride = false : VMs defined inline may NOT replace previous VM definitions
Tue Sep 23 12:11:21 IST 2014   [info] Velocimacro : allowInlineLocal = false : VMs defined inline will be  global in scope if allowed.
Tue Sep 23 12:11:21 IST 2014   [info] Velocimacro : messages on  : VM system will output logging messages
Tue Sep 23 12:11:21 IST 2014   [info] Velocimacro : autoload off  : VM system will not automatically reload global library macros
Tue Sep 23 12:11:21 IST 2014   [info] Velocimacro : initialization complete.
Tue Sep 23 12:11:21 IST 2014   [info] Velocity successfully started.
